<?xml version="1.0" encoding="UTF-8"?>
<!-- Generated by org.testng.reporters.JUnitXMLReporter -->
<testsuite hostname="Islam-PC" name="Command line test" tests="4" failures="0" timestamp="20 Apr 2016 01:07:20 GMT" time="239.948" errors="0">
  <testcase name="b" time="5.945" classname="test.BingTest"/>
  <testcase name="createAccount" time="0.001" classname="test.CreateAccountTest"/>
  <testcase name="logIn" time="0.001" classname="test.LogInTest"/>
  <testcase name="manageAccount" time="0.0" classname="test.ManageAccountTest"/>
</testsuite> <!-- Command line test -->
