<?xml version="1.0" encoding="UTF-8"?>
<!-- Generated by org.testng.reporters.JUnitXMLReporter -->
<testsuite hostname="Islam-PC" name="Command line test" tests="4" failures="0" timestamp="21 Apr 2016 02:30:18 GMT" time="26.0" errors="0">
  <testcase name="@BeforeMethod start" time="0.0" classname="test.CreateAccountTest">
    <failure type="org.openqa.selenium.remote.UnreachableBrowserException" message="Could not start a new session. Possible causes are invalid address of the remote server or browser start-up failure.
Build info: version: &amp;apos;2.53.0&amp;apos;, revision: &amp;apos;35ae25b1534ae328c771e0856c93e187490ca824&amp;apos;, time: &amp;apos;2016-03-15 10:43:46&amp;apos;
System info: host: &amp;apos;Islam-PC&amp;apos;, ip: &amp;apos;10.244.205.51&amp;apos;, os.name: &amp;apos;Windows 7&amp;apos;, os.arch: &amp;apos;amd64&amp;apos;, os.version: &amp;apos;6.1&amp;apos;, java.version: &amp;apos;1.8.0_60&amp;apos;
Driver info: driver.version: RemoteWebDriver">
      <![CDATA[org.openqa.selenium.remote.UnreachableBrowserException: Could not start a new session. Possible causes are invalid address of the remote server or browser start-up failure.
Build info: version: '2.53.0', revision: '35ae25b1534ae328c771e0856c93e187490ca824', time: '2016-03-15 10:43:46'
System info: host: 'Islam-PC', ip: '10.244.205.51', os.name: 'Windows 7', os.arch: 'amd64', os.version: '6.1', java.version: '1.8.0_60'
Driver info: driver.version: RemoteWebDriver
	at org.openqa.selenium.remote.RemoteWebDriver.execute(RemoteWebDriver.java:665)
	at org.openqa.selenium.remote.RemoteWebDriver.startSession(RemoteWebDriver.java:249)
	at org.openqa.selenium.remote.RemoteWebDriver.<init>(RemoteWebDriver.java:131)
	at org.openqa.selenium.remote.RemoteWebDriver.<init>(RemoteWebDriver.java:158)
	at testBase.BaseTest.start(BaseTest.java:35)
Caused by: org.apache.http.conn.HttpHostConnectException: Connect to 192.168.1.8:4444 [/192.168.1.8] failed: Connection timed out: connect
	at org.apache.http.impl.conn.DefaultHttpClientConnectionOperator.connect(DefaultHttpClientConnectionOperator.java:151)
	at org.apache.http.impl.conn.PoolingHttpClientConnectionManager.connect(PoolingHttpClientConnectionManager.java:353)
	at org.apache.http.impl.execchain.MainClientExec.establishRoute(MainClientExec.java:380)
	at org.apache.http.impl.execchain.MainClientExec.execute(MainClientExec.java:236)
	at org.apache.http.impl.execchain.ProtocolExec.execute(ProtocolExec.java:184)
	at org.apache.http.impl.execchain.RetryExec.execute(RetryExec.java:88)
	at org.apache.http.impl.execchain.RedirectExec.execute(RedirectExec.java:110)
	at org.apache.http.impl.client.InternalHttpClient.doExecute(InternalHttpClient.java:184)
	at org.apache.http.impl.client.CloseableHttpClient.execute(CloseableHttpClient.java:71)
	at org.apache.http.impl.client.CloseableHttpClient.execute(CloseableHttpClient.java:55)
	at org.openqa.selenium.remote.internal.ApacheHttpClient.fallBackExecute(ApacheHttpClient.java:144)
	at org.openqa.selenium.remote.internal.ApacheHttpClient.execute(ApacheHttpClient.java:90)
	at org.openqa.selenium.remote.HttpCommandExecutor.execute(HttpCommandExecutor.java:142)
	at org.openqa.selenium.remote.RemoteWebDriver.execute(RemoteWebDriver.java:644)
	... 40 more
Caused by: java.net.ConnectException: Connection timed out: connect
	at java.net.DualStackPlainSocketImpl.waitForConnect(Native Method)
	at java.net.DualStackPlainSocketImpl.socketConnect(DualStackPlainSocketImpl.java:85)
	at java.net.AbstractPlainSocketImpl.doConnect(AbstractPlainSocketImpl.java:350)
	at java.net.AbstractPlainSocketImpl.connectToAddress(AbstractPlainSocketImpl.java:206)
	at java.net.AbstractPlainSocketImpl.connect(AbstractPlainSocketImpl.java:188)
	at java.net.PlainSocketImpl.connect(PlainSocketImpl.java:172)
	at java.net.SocksSocketImpl.connect(SocksSocketImpl.java:392)
	at java.net.Socket.connect(Socket.java:589)
	at org.apache.http.conn.socket.PlainConnectionSocketFactory.connectSocket(PlainConnectionSocketFactory.java:74)
	at org.apache.http.impl.conn.DefaultHttpClientConnectionOperator.connect(DefaultHttpClientConnectionOperator.java:134)
	... 53 more
... Removed 36 stack frames]]>
    </failure>
  </testcase> <!-- @BeforeMethod start -->
  <testcase name="@AfterMethod closeBrowser" time="0.0" classname="test.CreateAccountTest">
    <skipped/>
  </testcase> <!-- @AfterMethod closeBrowser -->
  <testcase name="@BeforeMethod start" time="0.0" classname="test.LogInTest">
    <skipped/>
  </testcase> <!-- @BeforeMethod start -->
  <testcase name="@AfterMethod closeBrowser" time="0.0" classname="test.LogInTest">
    <skipped/>
  </testcase> <!-- @AfterMethod closeBrowser -->
  <testcase name="@BeforeMethod start" time="0.0" classname="test.ManageAccountTest">
    <skipped/>
  </testcase> <!-- @BeforeMethod start -->
  <testcase name="@AfterMethod closeBrowser" time="0.0" classname="test.ManageAccountTest">
    <skipped/>
  </testcase> <!-- @AfterMethod closeBrowser -->
  <testcase name="b" time="4.933" classname="test.BingTest"/>
  <testcase name="createAccount" time="0.001" classname="test.CreateAccountTest">
    <skipped/>
  </testcase> <!-- createAccount -->
  <testcase name="logIn" time="0.0" classname="test.LogInTest">
    <skipped/>
  </testcase> <!-- logIn -->
  <testcase name="manageAccount" time="0.0" classname="test.ManageAccountTest">
    <skipped/>
  </testcase> <!-- manageAccount -->
</testsuite> <!-- Command line test -->
