<?xml version="1.0" encoding="UTF-8"?>
<testng-results skipped="0" failed="0" total="2" passed="2">
  <reporter-output>
  </reporter-output>
  <suite name="Command line suite" duration-ms="11940" started-at="2016-04-15T01:47:43Z" finished-at="2016-04-15T01:47:55Z">
    <groups>
    </groups>
    <test name="Command line test" duration-ms="11940" started-at="2016-04-15T01:47:43Z" finished-at="2016-04-15T01:47:55Z">
      <class name="test.LogInTest">
        <test-method status="PASS" signature="start()[pri:0, instance:test.LogInTest@3796751b]" name="start" is-config="true" duration-ms="6447" started-at="2016-04-14T21:47:43Z" finished-at="2016-04-14T21:47:49Z">
          <reporter-output>
          </reporter-output>
        </test-method> <!-- start -->
        <test-method status="PASS" signature="logIn()[pri:0, instance:test.LogInTest@3796751b]" name="logIn" duration-ms="2" started-at="2016-04-14T21:47:49Z" finished-at="2016-04-14T21:47:49Z">
          <reporter-output>
          </reporter-output>
        </test-method> <!-- logIn -->
        <test-method status="PASS" signature="closeBrowser()[pri:0, instance:test.LogInTest@3796751b]" name="closeBrowser" is-config="true" duration-ms="25" started-at="2016-04-14T21:47:49Z" finished-at="2016-04-14T21:47:49Z">
          <reporter-output>
          </reporter-output>
        </test-method> <!-- closeBrowser -->
      </class> <!-- test.LogInTest -->
      <class name="test.ManageAccountTest">
        <test-method status="PASS" signature="start()[pri:0, instance:test.ManageAccountTest@13969fbe]" name="start" is-config="true" duration-ms="5421" started-at="2016-04-14T21:47:49Z" finished-at="2016-04-14T21:47:55Z">
          <reporter-output>
          </reporter-output>
        </test-method> <!-- start -->
        <test-method status="PASS" signature="manageAccount()[pri:0, instance:test.ManageAccountTest@13969fbe]" name="manageAccount" duration-ms="1" started-at="2016-04-14T21:47:55Z" finished-at="2016-04-14T21:47:55Z">
          <reporter-output>
          </reporter-output>
        </test-method> <!-- manageAccount -->
        <test-method status="PASS" signature="closeBrowser()[pri:0, instance:test.ManageAccountTest@13969fbe]" name="closeBrowser" is-config="true" duration-ms="29" started-at="2016-04-14T21:47:55Z" finished-at="2016-04-14T21:47:55Z">
          <reporter-output>
          </reporter-output>
        </test-method> <!-- closeBrowser -->
      </class> <!-- test.ManageAccountTest -->
    </test> <!-- Command line test -->
  </suite> <!-- Command line suite -->
</testng-results>
