<?xml version="1.0" encoding="UTF-8"?>
<testng-results skipped="0" failed="0" total="4" passed="4">
  <reporter-output>
  </reporter-output>
  <suite name="Command line suite" duration-ms="239948" started-at="2016-04-20T01:03:20Z" finished-at="2016-04-20T01:07:20Z">
    <groups>
    </groups>
    <test name="Command line test" duration-ms="239948" started-at="2016-04-20T01:03:20Z" finished-at="2016-04-20T01:07:20Z">
      <class name="test.LogInTest">
        <test-method status="PASS" signature="start()[pri:0, instance:test.LogInTest@5ebec15]" name="start" is-config="true" duration-ms="8710" started-at="2016-04-19T21:03:42Z" finished-at="2016-04-19T21:03:51Z">
          <reporter-output>
          </reporter-output>
        </test-method> <!-- start -->
        <test-method status="PASS" signature="logIn()[pri:0, instance:test.LogInTest@5ebec15]" name="logIn" duration-ms="1" started-at="2016-04-19T21:03:51Z" finished-at="2016-04-19T21:03:51Z">
          <reporter-output>
          </reporter-output>
        </test-method> <!-- logIn -->
        <test-method status="PASS" signature="closeBrowser()[pri:0, instance:test.LogInTest@5ebec15]" name="closeBrowser" is-config="true" duration-ms="102" started-at="2016-04-19T21:03:51Z" finished-at="2016-04-19T21:03:51Z">
          <reporter-output>
          </reporter-output>
        </test-method> <!-- closeBrowser -->
      </class> <!-- test.LogInTest -->
      <class name="test.CreateAccountTest">
        <test-method status="PASS" signature="start()[pri:0, instance:test.CreateAccountTest@1554909b]" name="start" is-config="true" duration-ms="16343" started-at="2016-04-19T21:03:26Z" finished-at="2016-04-19T21:03:42Z">
          <reporter-output>
          </reporter-output>
        </test-method> <!-- start -->
        <test-method status="PASS" signature="createAccount()[pri:0, instance:test.CreateAccountTest@1554909b]" name="createAccount" duration-ms="1" started-at="2016-04-19T21:03:42Z" finished-at="2016-04-19T21:03:42Z">
          <reporter-output>
          </reporter-output>
        </test-method> <!-- createAccount -->
        <test-method status="PASS" signature="closeBrowser()[pri:0, instance:test.CreateAccountTest@1554909b]" name="closeBrowser" is-config="true" duration-ms="93" started-at="2016-04-19T21:03:42Z" finished-at="2016-04-19T21:03:42Z">
          <reporter-output>
          </reporter-output>
        </test-method> <!-- closeBrowser -->
      </class> <!-- test.CreateAccountTest -->
      <class name="test.BingTest">
        <test-method status="PASS" signature="b()[pri:0, instance:test.BingTest@2812cbfa]" name="b" duration-ms="5945" started-at="2016-04-19T21:03:20Z" finished-at="2016-04-19T21:03:26Z">
          <reporter-output>
          </reporter-output>
        </test-method> <!-- b -->
      </class> <!-- test.BingTest -->
      <class name="test.ManageAccountTest">
        <test-method status="PASS" signature="start()[pri:0, instance:test.ManageAccountTest@1a407d53]" name="start" is-config="true" duration-ms="208687" started-at="2016-04-19T21:03:51Z" finished-at="2016-04-19T21:07:20Z">
          <reporter-output>
          </reporter-output>
        </test-method> <!-- start -->
        <test-method status="PASS" signature="manageAccount()[pri:0, instance:test.ManageAccountTest@1a407d53]" name="manageAccount" duration-ms="0" started-at="2016-04-19T21:07:20Z" finished-at="2016-04-19T21:07:20Z">
          <reporter-output>
          </reporter-output>
        </test-method> <!-- manageAccount -->
        <test-method status="PASS" signature="closeBrowser()[pri:0, instance:test.ManageAccountTest@1a407d53]" name="closeBrowser" is-config="true" duration-ms="43" started-at="2016-04-19T21:07:20Z" finished-at="2016-04-19T21:07:20Z">
          <reporter-output>
          </reporter-output>
        </test-method> <!-- closeBrowser -->
      </class> <!-- test.ManageAccountTest -->
    </test> <!-- Command line test -->
  </suite> <!-- Command line suite -->
</testng-results>
