<?xml version="1.0" encoding="UTF-8"?>
<testng-results skipped="0" failed="0" total="1" passed="1">
  <reporter-output>
  </reporter-output>
  <suite name="Default suite" duration-ms="30596" started-at="2016-05-11T02:32:23Z" finished-at="2016-05-11T02:32:53Z">
    <groups>
    </groups>
    <test name="Default test" duration-ms="30596" started-at="2016-05-11T02:32:23Z" finished-at="2016-05-11T02:32:53Z">
      <class name="in.E">
        <test-method status="PASS" signature="t()[pri:0, instance:in.E@51081592]" name="t" duration-ms="30559" started-at="2016-05-10T22:32:23Z" finished-at="2016-05-10T22:32:53Z">
          <reporter-output>
          </reporter-output>
        </test-method> <!-- t -->
      </class> <!-- in.E -->
    </test> <!-- Default test -->
  </suite> <!-- Default suite -->
</testng-results>
